#
# A fatal error has been detected by the Java Runtime Environment:
#
#  EXCEPTION_ACCESS_VIOLATION (0xc0000005) at pc=0x000000005c8aa3c5, pid=2260, tid=5816
#
# JRE version: Java(TM) SE Runtime Environment (8.0_25-b18) (build 1.8.0_25-b18)
# Java VM: Java HotSpot(TM) 64-Bit Server VM (25.25-b02 mixed mode windows-amd64 compressed oops)
# Problematic frame:
# V  [jvm.dll+0x11a3c5]
#
# Failed to write core dump. Minidumps are not enabled by default on client versions of Windows
#
# If you would like to submit a bug report, please visit:
#   http://bugreport.sun.com/bugreport/crash.jsp
#

---------------  T H R E A D  ---------------

Current thread (0x000000001c312800):  JavaThread "JDWP Transport Listener: dt_socket" daemon [_thread_in_vm, id=5816, stack(0x000000001d870000,0x000000001d970000)]

siginfo: ExceptionCode=0xc0000005, reading address 0x0000000037000002

Registers:
RAX=0x000000001d96f001, RBX=0x000000001c312800, RCX=0x0000000037000002, RDX=0x0000000000000000
RSP=0x000000001d96efe0, RBP=0x0000000037000002, RSI=0x000000001d96f0f8, RDI=0x000000000126b7c0
R8 =0x000000001c312800, R9 =0x0000000000008000, R10=0x000000001c311070, R11=0x000000001e0f9234
R12=0x0000000000000000, R13=0x000000001c308028, R14=0x0000000000000000, R15=0x0000000000000000
RIP=0x000000005c8aa3c5, EFLAGS=0x0000000000010202

Top of Stack: (sp=0x000000001d96efe0)
0x000000001d96efe0:   000000001c312800 000000001c312800
0x000000001d96eff0:   000000001d96f0a8 000000005caa78db
0x000000001d96f000:   000000001c312800 000000005cac413d
0x000000001d96f010:   0000000000000000 000000005c6f9149
0x000000001d96f020:   000000001c324f58 000000005c702912
0x000000001d96f030:   000000001c312800 0000000000000000
0x000000001d96f040:   0000000000000000 0000000000000000
0x000000001d96f050:   0000000037000002 000000005c701a09
0x000000001d96f060:   000000001d96f0f8 000000001d96f0d0
0x000000001d96f070:   0000000000000001 000000001c324f58
0x000000001d96f080:   0000000037000002 000000005c6e53b3
0x000000001d96f090:   000000001d96f1c0 0000000000000001
0x000000001d96f0a0:   0000000000000001 000000001c324f58
0x000000001d96f0b0:   0000000000000008 0000000000000000
0x000000001d96f0c0:   0000000000000000 0000000000000000
0x000000001d96f0d0:   0000000000000001 000000005c6e5571 

Instructions: (pc=0x000000005c8aa3c5)
0x000000005c8aa3a5:   cc cc cc cc cc cc cc cc cc cc cc 48 83 ec 28 48
0x000000005c8aa3b5:   85 c9 75 07 33 c0 48 83 c4 28 c3 48 89 5c 24 20
0x000000005c8aa3c5:   48 8b 19 48 85 db 74 20 48 83 fb 37 74 1a 48 8b
0x000000005c8aa3d5:   13 48 8b cb ff 52 10 84 c0 74 0d 48 8b c3 48 8b 


Register to memory mapping:

RAX=0x000000001d96f001 is pointing into the stack for thread: 0x000000001c312800
RBX=0x000000001c312800 is a thread
RCX=0x0000000037000002 is an unknown value
RDX=0x0000000000000000 is an unknown value
RSP=0x000000001d96efe0 is pointing into the stack for thread: 0x000000001c312800
RBP=0x0000000037000002 is an unknown value
RSI=0x000000001d96f0f8 is pointing into the stack for thread: 0x000000001c312800
RDI=0x000000000126b7c0 is an unknown value
R8 =0x000000001c312800 is a thread
R9 =0x0000000000008000 is an unknown value
R10=0x000000001c311070 is an unknown value
R11=0x000000001e0f9234 is an unknown value
R12=0x0000000000000000 is an unknown value
R13=0x000000001c308028 is an unknown value
R14=0x0000000000000000 is an unknown value
R15=0x0000000000000000 is an unknown value


Stack: [0x000000001d870000,0x000000001d970000],  sp=0x000000001d96efe0,  free space=1019k
Native frames: (J=compiled Java code, j=interpreted, Vv=VM code, C=native code)
V  [jvm.dll+0x11a3c5]
V  [jvm.dll+0x33413d]
C  [jdwp.dll+0x21a09]
C  [jdwp.dll+0x53b3]
C  [jdwp.dll+0x5571]
C  [jdwp.dll+0xf09c]
C  [jdwp.dll+0x1f2c9]
C  [jdwp.dll+0x1f49e]
V  [jvm.dll+0x1abba8]
V  [jvm.dll+0x22bde4]
V  [jvm.dll+0x2852fa]
C  [msvcr100.dll+0x21d9f]
C  [msvcr100.dll+0x21e3b]
C  [KERNEL32.DLL+0x12774]
C  [ntdll.dll+0x70d51]


---------------  P R O C E S S  ---------------

Java Threads: ( => current thread )
  0x000000001dec0000 JavaThread "Service Thread" daemon [_thread_blocked, id=5196, stack(0x000000001e270000,0x000000001e370000)]
  0x000000001c32e800 JavaThread "C1 CompilerThread2" daemon [_thread_blocked, id=5456, stack(0x000000001dd70000,0x000000001de70000)]
  0x000000001c32a800 JavaThread "C2 CompilerThread1" daemon [_thread_blocked, id=15444, stack(0x000000001dc70000,0x000000001dd70000)]
  0x000000001c332800 JavaThread "C2 CompilerThread0" daemon [_thread_blocked, id=16596, stack(0x000000001db70000,0x000000001dc70000)]
  0x000000001c323000 JavaThread "JDWP Command Reader" daemon [_thread_in_native, id=17648, stack(0x000000001da70000,0x000000001db70000)]
  0x000000001c315000 JavaThread "JDWP Event Helper Thread" daemon [_thread_blocked, id=3244, stack(0x000000001d970000,0x000000001da70000)]
=>0x000000001c312800 JavaThread "JDWP Transport Listener: dt_socket" daemon [_thread_in_vm, id=5816, stack(0x000000001d870000,0x000000001d970000)]
  0x000000001c2ff800 JavaThread "Attach Listener" daemon [_thread_blocked, id=13608, stack(0x000000001d770000,0x000000001d870000)]
  0x000000001c2fe000 JavaThread "Signal Dispatcher" daemon [_thread_blocked, id=17540, stack(0x000000001d670000,0x000000001d770000)]
  0x0000000002ce3000 JavaThread "Finalizer" daemon [_thread_blocked, id=2392, stack(0x000000001d570000,0x000000001d670000)]
  0x0000000002cdf800 JavaThread "Reference Handler" daemon [_thread_blocked, id=17340, stack(0x000000001d470000,0x000000001d570000)]
  0x0000000002bf3800 JavaThread "main" [_thread_blocked, id=17124, stack(0x0000000002af0000,0x0000000002bf0000)]

Other Threads:
  0x000000001c2c6800 VMThread [stack: 0x000000001d370000,0x000000001d470000] [id=9172]
  0x000000001dec3000 WatcherThread [stack: 0x000000001e370000,0x000000001e470000] [id=4552]

VM state:not at safepoint (normal execution)

VM Mutex/Monitor currently owned by a thread: None

Heap:
 PSYoungGen      total 76288K, used 6553K [0x000000076b180000, 0x0000000770680000, 0x00000007c0000000)
  eden space 65536K, 10% used [0x000000076b180000,0x000000076b7e6748,0x000000076f180000)
  from space 10752K, 0% used [0x000000076fc00000,0x000000076fc00000,0x0000000770680000)
  to   space 10752K, 0% used [0x000000076f180000,0x000000076f180000,0x000000076fc00000)
 ParOldGen       total 175104K, used 0K [0x00000006c1400000, 0x00000006cbf00000, 0x000000076b180000)
  object space 175104K, 0% used [0x00000006c1400000,0x00000006c1400000,0x00000006cbf00000)
 Metaspace       used 2969K, capacity 4566K, committed 4864K, reserved 1056768K
  class space    used 317K, capacity 390K, committed 512K, reserved 1048576K

Card table byte_map: [0x00000000120b0000,0x00000000128b0000] byte_map_base: 0x000000000eaa6000

Marking Bits: (ParMarkBitMap*) 0x000000005cf6d490
 Begin Bits: [0x0000000013200000, 0x00000000171b0000)
 End Bits:   [0x00000000171b0000, 0x000000001b160000)

Polling page: 0x0000000001250000

CodeCache: size=245760Kb used=1392Kb max_used=1409Kb free=244367Kb
 bounds [0x0000000002cf0000, 0x0000000002f60000, 0x0000000011cf0000]
 total_blobs=408 nmethods=178 adapters=152
 compilation: enabled

Compilation events (10 events):
Event: 0.902 Thread 0x000000001c32e800 nmethod 174 0x0000000002e43b10 code [0x0000000002e43c80, 0x0000000002e43ea8]
Event: 0.902 Thread 0x000000001c32e800  175       3       java.util.ArrayList::addAll (54 bytes)
Event: 0.904 Thread 0x000000001c32e800 nmethod 175 0x0000000002e4b110 code [0x0000000002e4b2c0, 0x0000000002e4b948]
Event: 0.904 Thread 0x000000001c32e800  176       3       java.util.AbstractCollection::toArray (70 bytes)
Event: 0.906 Thread 0x000000001c32e800 nmethod 176 0x0000000002e4a290 code [0x0000000002e4a480, 0x0000000002e4ae28]
Event: 0.906 Thread 0x000000001c32e800  177       3       java.util.ArrayList$SubList::size (9 bytes)
Event: 0.907 Thread 0x000000001c32e800 nmethod 177 0x0000000002e43590 code [0x0000000002e43720, 0x0000000002e439a8]
Event: 0.914 Thread 0x000000001c332800  178       4       java.util.ArrayList::get (11 bytes)
Event: 0.917 Thread 0x000000001c332800 nmethod 178 0x0000000002e4d3d0 code [0x0000000002e4d520, 0x0000000002e4d618]
Event: 1.045 Thread 0x000000001c32a800 nmethod 162 0x0000000002e50450 code [0x0000000002e50680, 0x0000000002e51c28]

GC Heap History (0 events):
No events

Deoptimization events (0 events):
No events

Internal exceptions (8 events):
Event: 0.317 Thread 0x0000000002bf3800 Exception <a 'java/lang/NoSuchMethodError': Method sun.misc.Unsafe.defineClass(Ljava/lang/String;[BII)Ljava/lang/Class; name or signature does not match> (0x000000076b18e608) thrown at [D:\re\workspace\8-2-build-windows-amd64-cygwin\jdk8u25\1677\hotspot\sr’PA}G‘?
Event: 0.317 Thread 0x0000000002bf3800 Exception <a 'java/lang/NoSuchMethodError': Method sun.misc.Unsafe.prefetchRead(Ljava/lang/Object;J)V name or signature does not match> (0x000000076b18e898) thrown at [D:\re\workspace\8-2-build-windows-amd64-cygwin\jdk8u25\1677\hotspot\src\share\vm\prims\jöoê4§˘‚?
Event: 0.593 Thread 0x0000000002bf3800 Exception <a 'java/security/PrivilegedActionException'> (0x000000076b1ef2c0) thrown at [D:\re\workspace\8-2-build-windows-amd64-cygwin\jdk8u25\1677\hotspot\src\share\vm\prims\jvm.cpp, line 1312]
Event: 0.772 Thread 0x0000000002bf3800 Exception <a 'java/security/PrivilegedActionException'> (0x000000076b24ced0) thrown at [D:\re\workspace\8-2-build-windows-amd64-cygwin\jdk8u25\1677\hotspot\src\share\vm\prims\jvm.cpp, line 1312]
Event: 0.775 Thread 0x0000000002bf3800 Exception <a 'java/security/PrivilegedActionException'> (0x000000076b24e968) thrown at [D:\re\workspace\8-2-build-windows-amd64-cygwin\jdk8u25\1677\hotspot\src\share\vm\prims\jvm.cpp, line 1312]
Event: 0.794 Thread 0x0000000002bf3800 Exception <a 'java/security/PrivilegedActionException'> (0x000000076b25a2d8) thrown at [D:\re\workspace\8-2-build-windows-amd64-cygwin\jdk8u25\1677\hotspot\src\share\vm\prims\jvm.cpp, line 1312]
Event: 0.824 Thread 0x0000000002bf3800 Exception <a 'java/security/PrivilegedActionException'> (0x000000076b273308) thrown at [D:\re\workspace\8-2-build-windows-amd64-cygwin\jdk8u25\1677\hotspot\src\share\vm\prims\jvm.cpp, line 1312]
Event: 0.827 Thread 0x0000000002bf3800 Exception <a 'java/security/PrivilegedActionException'> (0x000000076b2759f0) thrown at [D:\re\workspace\8-2-build-windows-amd64-cygwin\jdk8u25\1677\hotspot\src\share\vm\prims\jvm.cpp, line 1312]

Events (10 events):
Event: 762.778 Executing VM operation: ChangeBreakpoints
Event: 762.778 Executing VM operation: ChangeBreakpoints done
Event: 840.758 Executing VM operation: ChangeBreakpoints
Event: 840.758 Executing VM operation: ChangeBreakpoints done
Event: 907.441 Executing VM operation: ChangeBreakpoints
Event: 907.441 Executing VM operation: ChangeBreakpoints done
Event: 949.145 Executing VM operation: ChangeBreakpoints
Event: 949.145 Executing VM operation: ChangeBreakpoints done
Event: 949.157 Executing VM operation: RedefineClasses
Event: 949.162 Executing VM operation: RedefineClasses done


Dynamic libraries:
0x00007ff6d79f0000 - 0x00007ff6d7a24000 	C:\Program Files\Java\jdk1.8.0_25\bin\java.exe
0x00007ffc867a0000 - 0x00007ffc8697b000 	C:\WINDOWS\SYSTEM32\ntdll.dll
0x00007ffc85460000 - 0x00007ffc8550e000 	C:\WINDOWS\System32\KERNEL32.DLL
0x00007ffc835a0000 - 0x00007ffc837e9000 	C:\WINDOWS\System32\KERNELBASE.dll
0x00007ffc86120000 - 0x00007ffc861c1000 	C:\WINDOWS\System32\ADVAPI32.dll
0x00007ffc85510000 - 0x00007ffc855ad000 	C:\WINDOWS\System32\msvcrt.dll
0x00007ffc86410000 - 0x00007ffc86469000 	C:\WINDOWS\System32\sechost.dll
0x00007ffc83e50000 - 0x00007ffc83f75000 	C:\WINDOWS\System32\RPCRT4.dll
0x00007ffc83d00000 - 0x00007ffc83e4a000 	C:\WINDOWS\System32\USER32.dll
0x00007ffc83580000 - 0x00007ffc8359e000 	C:\WINDOWS\System32\win32u.dll
0x00007ffc860f0000 - 0x00007ffc86117000 	C:\WINDOWS\System32\GDI32.dll
0x00007ffc83ac0000 - 0x00007ffc83c48000 	C:\WINDOWS\System32\gdi32full.dll
0x00007ffc839c0000 - 0x00007ffc83a5a000 	C:\WINDOWS\System32\msvcp_win.dll
0x00007ffc833c0000 - 0x00007ffc834b6000 	C:\WINDOWS\System32\ucrtbase.dll
0x00007ffc79560000 - 0x00007ffc797c7000 	C:\WINDOWS\WinSxS\amd64_microsoft.windows.common-controls_6595b64144ccf1df_6.0.15063.483_none_26002d27e7c744a2\COMCTL32.dll
0x00007ffc855b0000 - 0x00007ffc858a9000 	C:\WINDOWS\System32\combase.dll
0x00007ffc83510000 - 0x00007ffc8357a000 	C:\WINDOWS\System32\bcryptPrimitives.dll
0x00007ffc83ff0000 - 0x00007ffc8401d000 	C:\WINDOWS\System32\IMM32.DLL
0x000000005cff0000 - 0x000000005d0c2000 	C:\Program Files\Java\jdk1.8.0_25\jre\bin\msvcr100.dll
0x000000005c790000 - 0x000000005cfea000 	C:\Program Files\Java\jdk1.8.0_25\jre\bin\server\jvm.dll
0x00007ffc83f80000 - 0x00007ffc83f88000 	C:\WINDOWS\System32\PSAPI.DLL
0x00007ffc78020000 - 0x00007ffc78029000 	C:\WINDOWS\SYSTEM32\WSOCK32.dll
0x00007ffc86680000 - 0x00007ffc866ec000 	C:\WINDOWS\System32\WS2_32.dll
0x00007ffc812d0000 - 0x00007ffc812f3000 	C:\WINDOWS\SYSTEM32\WINMM.dll
0x00007ffc812a0000 - 0x00007ffc812cb000 	C:\WINDOWS\SYSTEM32\WINMMBASE.dll
0x00007ffc834c0000 - 0x00007ffc83509000 	C:\WINDOWS\System32\cfgmgr32.dll
0x000000005c780000 - 0x000000005c78f000 	C:\Program Files\Java\jdk1.8.0_25\jre\bin\verify.dll
0x000000005c750000 - 0x000000005c778000 	C:\Program Files\Java\jdk1.8.0_25\jre\bin\java.dll
0x000000005c6e0000 - 0x000000005c715000 	C:\Program Files\Java\jdk1.8.0_25\jre\bin\jdwp.dll
0x000000005c740000 - 0x000000005c748000 	C:\Program Files\Java\jdk1.8.0_25\jre\bin\npt.dll
0x000000005c6a0000 - 0x000000005c6b6000 	C:\Program Files\Java\jdk1.8.0_25\jre\bin\zip.dll
0x00007ffc84020000 - 0x00007ffc85456000 	C:\WINDOWS\System32\SHELL32.dll
0x00007ffc866f0000 - 0x00007ffc8679a000 	C:\WINDOWS\System32\shcore.dll
0x00007ffc82cc0000 - 0x00007ffc833b3000 	C:\WINDOWS\System32\windows.storage.dll
0x00007ffc83f90000 - 0x00007ffc83fe1000 	C:\WINDOWS\System32\shlwapi.dll
0x00007ffc82ca0000 - 0x00007ffc82cb1000 	C:\WINDOWS\System32\kernel.appcore.dll
0x00007ffc82c10000 - 0x00007ffc82c5c000 	C:\WINDOWS\System32\powrprof.dll
0x00007ffc82c60000 - 0x00007ffc82c75000 	C:\WINDOWS\System32\profapi.dll
0x000000005c730000 - 0x000000005c739000 	C:\Program Files\Java\jdk1.8.0_25\jre\bin\dt_socket.dll
0x00007ffc824c0000 - 0x00007ffc8251c000 	C:\WINDOWS\system32\mswsock.dll
0x00007ffc750a0000 - 0x00007ffc75249000 	C:\WINDOWS\SYSTEM32\dbghelp.dll

VM Arguments:
jvm_args: -agentlib:jdwp=transport=dt_socket,address=127.0.0.1:37313,suspend=y,server=n -Dfile.encoding=UTF-8 
java_command: Main
java_class_path (initial): C:\Program Files\Java\jdk1.8.0_25\jre\lib\charsets.jar;C:\Program Files\Java\jdk1.8.0_25\jre\lib\deploy.jar;C:\Program Files\Java\jdk1.8.0_25\jre\lib\ext\access-bridge-64.jar;C:\Program Files\Java\jdk1.8.0_25\jre\lib\ext\cldrdata.jar;C:\Program Files\Java\jdk1.8.0_25\jre\lib\ext\dnsns.jar;C:\Program Files\Java\jdk1.8.0_25\jre\lib\ext\jaccess.jar;C:\Program Files\Java\jdk1.8.0_25\jre\lib\ext\jfxrt.jar;C:\Program Files\Java\jdk1.8.0_25\jre\lib\ext\localedata.jar;C:\Program Files\Java\jdk1.8.0_25\jre\lib\ext\nashorn.jar;C:\Program Files\Java\jdk1.8.0_25\jre\lib\ext\sunec.jar;C:\Program Files\Java\jdk1.8.0_25\jre\lib\ext\sunjce_provider.jar;C:\Program Files\Java\jdk1.8.0_25\jre\lib\ext\sunmscapi.jar;C:\Program Files\Java\jdk1.8.0_25\jre\lib\ext\sunpkcs11.jar;C:\Program Files\Java\jdk1.8.0_25\jre\lib\ext\zipfs.jar;C:\Program Files\Java\jdk1.8.0_25\jre\lib\javaws.jar;C:\Program Files\Java\jdk1.8.0_25\jre\lib\jce.jar;C:\Program Files\Java\jdk1.8.0_25\jre\lib\jfr.jar;C:\Program Files\Java\jdk1.8.0_25\jre\lib\jfxswt.jar;C:\Program Files\Java\jdk1.8.0_25\jre\lib\jsse.jar;C:\Program Files\Java\jdk1.8.0_25\jre\lib\management-agent.jar;C:\Program Files\Java\jdk1.8.0_25\jre\lib\plugin.jar;C:\Program Files\Java\jdk1.8.0_25\jre\lib\resources.jar;C:\Program Files\Java\jdk1.8.0_25\jre\lib\rt.jar;G:\Projects\Java\git\DatabaseAssignment\out\production\DatabaseAssignment;C:\Program Files\JetBrains\IntelliJ IDEA 2017.2.4\lib\idea_rt.jar
Launcher Type: SUN_STANDARD

Environment Variables:
JAVA_HOME=C:\Program Files\Java\jdk1.8.0_25
USERNAME=Jaydeep9101
OS=Windows_NT
PROCESSOR_IDENTIFIER=Intel64 Family 6 Model 61 Stepping 4, GenuineIntel



---------------  S Y S T E M  ---------------

OS: Windows 8.1 , 64 bit Build 9600 

CPU:total 4 (2 cores per cpu, 2 threads per core) family 6 model 61 stepping 4, cmov, cx8, fxsr, mmx, sse, sse2, sse3, ssse3, sse4.1, sse4.2, popcnt, avx, avx2, aes, clmul, erms, lzcnt, ht, tsc, tscinvbit, bmi1, bmi2

Memory: 4k page, physical 16690256k(9329764k free), swap 27700304k(12714204k free)

vm_info: Java HotSpot(TM) 64-Bit Server VM (25.25-b02) for windows-amd64 JRE (1.8.0_25-b18), built on Oct  7 2014 14:25:37 by "java_re" with MS VC++ 10.0 (VS2010)

time: Tue Oct 10 23:58:42 2017
elapsed time: 949 seconds (0d 0h 15m 49s)

